C51 COMPILER V9.59.0.0   CONFIG                                                            10/20/2022 13:09:44 PAGE 1   


C51 COMPILER V9.59.0.0, COMPILATION OF MODULE CONFIG
OBJECT MODULE PLACED IN .\OUTPUT\config.obj
COMPILER INVOKED BY: D:\Keil_C51\C51\BIN\C51.EXE SYSTEM\config.c LARGE OPTIMIZE(8,SPEED) BROWSE INCDIR(.\USER;.\SYSTEM;.
                    -\HARDWARE) DEBUG OBJECTEXTEND PRINT(.\config.lst) TABS(2) OBJECT(.\OUTPUT\config.obj)

line level    source

   1          #include "config.h" 
   2          
   3          extern void Wdt_Feed(void);
   4          /*****************************************************************
   5          功能描述：延时函数
   6          入口参数：uint16 x ，该值为1时，延时1ms
   7          返回值：无
   8          *****************************************************************/
   9          void delay_ms(uint16 x) 
  10          {  
  11   1        uint16 j,i;   
  12   1        for(j=0;j<x;j++)   
  13   1        {    
  14   2          for(i=0;i<1100;i++);   
  15   2        }  
  16   1      }
  17          
  18          
  19          /**************************************
  20          功能描述：延时函数
  21          入口参数：uint x ，该值为1时，延时1us
  22          返回值：无
  23          ***************************************/
  24          //void delayus(unsigned char n)                  
  25          //{
  26          //    while (n--)                        //DJNZ  4
  27          //    {
  28          //        _nop_();                       //NOP  1+1=12
  29          //        _nop_();   
  30          //        _nop_();                       //NOP  1+1=12
  31          //        _nop_();   
  32          //        _nop_();                       //NOP  1+1=12
  33          //        _nop_();        
  34          //    }
  35          //}
  36          
  37          /**********************************************
  38          功能描述：IO口初始化，检测批示灯和传感器的IO状态
  39          入口参数：无
  40          返回值：无
  41          ***********************************************/
  42          
  43          void IO_init(void)
  44          {
  45   1        uint8 i;
  46   1        
  47   1        /***************************************************************************
  48   1        注意: STC15W4K32S4系列的芯片,上电后所有与PWM相关的IO口均为
  49   1              高阻态,需将这些口设置为准双向口或强推挽模式方可正常使用
  50   1        相关IO: P0.6/P0.7/P1.6/P1.7/P2.1/P2.2
  51   1                P2.3/P2.7/P3.7/P4.2/P4.4/P4.5
  52   1       **************************************************************************/
  53   1        P0M1 = 0; P0M0 = 0; //设置P0.0~P0.7为准双向口   若是高电平，输出电流120uA
  54   1        P1M1 = 0; P1M0 = 0; //设置P1.0~P1.7为准双向口
C51 COMPILER V9.59.0.0   CONFIG                                                            10/20/2022 13:09:44 PAGE 2   

  55   1        P2M1 = 0; P2M0 = 0; //设置P2.0~P2.7为准双向口 
  56   1        P3M1 = 0; P3M0 = 0; //设置P3.0~P3.7为准双向口
  57   1        P4M1 = 0; P4M0 = 0; //设置P4.0~P4.7为准双向口
  58   1        P5M1 = 0; P5M0 = 0; //设置P5.0~P5.7为准双向口 
  59   1        
  60   1        P4n_push_pull(0x04);//P42 推挽输出
  61   1          
  62   1        i = 2;
  63   1        while(i--)     //程序开始执行，红灯会闪烁2次，一旦CPU重启，都会执行该操作，自检
  64   1        {
  65   2           LED_R = 0 ;     //熄灭蓝色LED
  66   2           delay_ms(200);
  67   2           LED_R = 1;     //点亮蓝色LED
  68   2           delay_ms(200);      
  69   2        }
  70   1          i = 2;  
  71   1          while(i--)     //程序开始执行，绿灯会闪烁2次，一旦CPU重启，都会执行该操作，自检
  72   1        {
  73   2           LED_G = 0 ;     //熄灭蓝色LED
  74   2           delay_ms(200);
  75   2           LED_G = 1;     //点亮蓝色LED
  76   2           delay_ms(200);      
  77   2        }   
  78   1          i =2;
  79   1        while(i--)     //蓝灯会闪烁4次，P1引脚交替高低电平（测试），一旦CPU重启，都会执行该操作，自检
  80   1        {
  81   2          Wdt_Feed();             //喂狗9秒之内需要喂狗，防止软件下载硬件自动看门狗重启
  82   2      
  83   2          P0 = 0xFF;              // 给脉冲信号
  84   2          P1 = 0xFF;              // 给脉冲信号
  85   2          P4 = 0xFF;              // 给脉冲信号   
  86   2          LED_B = 0 ;             //熄灭蓝色LED
  87   2          
  88   2          delay_ms(1000);
  89   2          P0 = 0x00;              // 给脉冲信号
  90   2          P1 = 0x00;              // 给脉冲信号
  91   2          P4 = 0x00;              // 给脉冲信号     
  92   2          LED_B = 1;              //点亮蓝色LED
  93   2          delay_ms(1000);      
  94   2          P0 = 0xFF;              // 给脉冲信号   P0口可以作为输入口
  95   2          P1 = 0xFF;              // 给脉冲信号   
  96   2          P4 = 0xFF;              // 给脉冲信号     
  97   2        } 
  98   1      
  99   1      } 
 100          
 101          
 102          
 103          /*********************************END FILE********************************************/ 
 104          


MODULE INFORMATION:   STATIC OVERLAYABLE
   CODE SIZE        =    188    ----
   CONSTANT SIZE    =   ----    ----
   XDATA SIZE       =   ----       1
   PDATA SIZE       =   ----    ----
   DATA SIZE        =   ----    ----
   IDATA SIZE       =   ----    ----
   BIT SIZE         =   ----    ----
END OF MODULE INFORMATION.


C51 COMPILATION COMPLETE.  0 WARNING(S),  0 ERROR(S)
