C51 COMPILER V9.59.0.0   UART                                                              05/11/2023 16:22:31 PAGE 1   


C51 COMPILER V9.59.0.0, COMPILATION OF MODULE UART
OBJECT MODULE PLACED IN .\OUTPUT\uart.obj
COMPILER INVOKED BY: D:\Keil_C51\C51\BIN\C51.EXE HARDWARE\uart.c LARGE OPTIMIZE(8,SPEED) BROWSE INCDIR(.\USER;.\SYSTEM;.
                    -\HARDWARE) DEBUG OBJECTEXTEND PRINT(.\uart.lst) TABS(2) OBJECT(.\OUTPUT\uart.obj)

line level    source

   1          #include  "uart.h"
   2          
   3          volatile uint8 Flag=FALSE;
   4          
   5          
   6          //接收缓冲区数据定义
   7          uint8 Uart1_RX_Buffer[RX_MAX_LEN];  //接收缓冲区
   8          uint8 Recv_Cnt = 0;                 //接收字节个数，缓冲区索引
   9          uint8 Recv_OK = 0;                  //一帧接收完成标志
  10          uint8 Unitaddr = 0x30;              //本机地址
  11          
  12          uint8 Uart1_SEND_Buffer[SEND_MAX_LEN];    //发送缓冲区
  13          
  14          
  15          /***************************************************************************
  16           * 描  述 : 串口1初始化函数
  17           * 入  参 : 无
  18           * 返回值 : 无
  19          备注：波特率9600bps   晶振11.0592MHz
  20           **************************************************************************/
  21          void Uart1_Init(void)
  22          { 
  23   1        P_SW1|=0X40;      //串口1切换 P36,P37       缺省
  24   1        P_SW1&=0X7F;      //串口1切换 P36,P37 
  25   1        TXEN485 = 0;      //初始485口处于接收状态   缺省
  26   1        
  27   1        PCON &= 0x3f;   //波特率不倍速，串行口工作方式由SM0、SM1决定
  28   1        SCON = 0x50;    //8位数据,可变波特率，启动串行接收器
  29   1        
  30   1        //AUXR |= 0x04;     //定时器2时钟为Fosc,即1T
  31   1        AUXR |= 0x05;     //定时器2时钟为Fosc,即1T,定时器2作为波特率发生器
  32   1      
  33   1        T2L = (65536 - (MAIN_Fosc/4/9600)); //设置波特率重装值,缺省9600
  34   1        T2H = (65536 - (MAIN_Fosc/4/9600))>>8;  
  35   1        
  36   1        if(BaudAddr[0] == 0x06)
  37   1        {
  38   2            T2L = (65536 - (MAIN_Fosc/4/19200)); //设置波特率重装值19200
  39   2            T2H = (65536 - (MAIN_Fosc/4/19200))>>8; 
  40   2        }
  41   1      
  42   1        
  43   1        AUXR |= 0x10;     //启动定时器2
  44   1        IE2 &= 0xfb;      //禁止定时器2中断
  45   1        ES = 1;           // 串口1中断打开
  46   1      }
  47          
  48          
  49          /***************************************************************************
  50           * 描  述 : 串口1发送数据函数
  51           * 入  参 : uint8 数据
  52           * 返回值 : 无
  53           **************************************************************************/
  54          void SendDataByUart1(uint8 dat)
C51 COMPILER V9.59.0.0   UART                                                              05/11/2023 16:22:31 PAGE 2   

  55          {
  56   1          SBUF = dat;                 //写数据到UART数据寄存器
  57   1          while(TI == 0);             //在停止位没有发送时，TI为0即一直等待
  58   1          TI = 0;                     //清除TI位（该位必须软件清零）
  59   1      }
  60          
  61          /***************************************************************************
  62           * 描  述 : 串口1发送字符串函数
  63           * 入  参 : uint8 *s 待发送字符串 
  64           * 返回值 : 无
  65           **************************************************************************/
  66          void SendStringByUart1(uint8 *s)
  67          {
  68   1        while(*s)
  69   1        {
  70   2          SendDataByUart1(*s++);       //将字符串中的字符一个一个发送
  71   2        }
  72   1      }
  73          
  74          /***************************************************************************
  75           * 描  述 : 重定向c库函数printf到USART1
  76           * 入  参 : char dat
  77           * 返回值 : char 
  78           **************************************************************************/
  79          char putchar(char dat)
  80          {
  81   1          SendDataByUart1(dat);           
  82   1          return dat;                    
  83   1      }
  84          
  85          
  86          /***************************************************************************
  87           * 描  述 : 串口1中断服务函数
  88           * 入  参 : 无
  89           * 返回值 : 无
  90           **************************************************************************/
  91          void Uart1() interrupt UART1_VECTOR using 1
  92          {
  93   1        ES = 0;                     // 串口1中断关闭
  94   1        if (RI)                     //串行接收到停止位的中间时刻时，该位置1
  95   1        {
  96   2            RI = 0;                 //清除RI位 （该位必须软件清零）
  97   2            
  98   2            //非本机地址数据不接收
  99   2            //广播地址0，从站地址，首个字符接收时   0xC1为LORA返回信息
 100   2            if(Recv_Cnt == 0 || Uart1_RX_Buffer[0] == BaudAddr[1] || Uart1_RX_Buffer[0] == 0x00 || Uart1_RX_Buffer[
             -0] == 0xC1)  //从机地址,在EEPROM.C定义
 101   2            {
 102   3                Uart1_RX_Buffer[Recv_Cnt++] = SBUF;
 103   3                if(Recv_Cnt >= RX_MAX_LEN)
 104   3                    Recv_Cnt = 0;
 105   3                
 106   3                TR0 = 0;            //关闭定时器0定时器，否则无法重新设定TL0??        
 107   3                TL0 = (65536-T1TMS);        //每次接收到数据，定时器重新装载定时值
 108   3                TH0 = (65536-T1TMS) >> 8;   //每次接收到数据，定时器重新装载定时值
 109   3                TR0 = 1;            //打开定时器0，开始运行           
 110   3                //打开定时器2，开始运行 
 111   3            }  
 112   2         }
 113   1         if (TI)                    //在停止位开始发送时，该位置1
 114   1         {
 115   2            TI = 0;                 //清除TI位（该位必须软件清零）
C51 COMPILER V9.59.0.0   UART                                                              05/11/2023 16:22:31 PAGE 3   

 116   2         }
 117   1         ES =  1;                   // 串口1中断打开
 118   1      }
 119          
 120          
 121          /*********************************END FILE********************************************/ 
 122          


MODULE INFORMATION:   STATIC OVERLAYABLE
   CODE SIZE        =    215    ----
   CONSTANT SIZE    =   ----    ----
   XDATA SIZE       =     54       3
   PDATA SIZE       =   ----    ----
   DATA SIZE        =   ----    ----
   IDATA SIZE       =   ----    ----
   BIT SIZE         =   ----    ----
END OF MODULE INFORMATION.


C51 COMPILATION COMPLETE.  0 WARNING(S),  0 ERROR(S)
